Arguments: 
  /Users/ayushprajapati/.nvm/versions/node/v16.14.0/bin/node /Users/ayushprajapati/.nvm/versions/node/v16.14.0/bin/yarn add bodyparser

PATH: 
  /Users/ayushprajapati/.nvm/versions/node/v16.14.0/bin:/Users/ayushprajapati/.nvm/versions/node/v16.14.0/bin:/Users/ayushprajapati/.nvm/versions/node/v8.9.0/bin:/opt/homebrew/bin:/opt/homebrew/sbin:/usr/local/bin:/usr/bin:/bin:/usr/sbin:/sbin:/Library/Apple/usr/bin:/Users/ayushprajapati/.nvm/versions/node/v8.9.0/bin:/opt/homebrew/bin:/opt/homebrew/sbin

Yarn version: 
  1.22.18

Node version: 
  16.14.0

Platform: 
  darwin x64

Trace: 
  Error: https://registry.yarnpkg.com/bodyparser: Not found
      at Request.params.callback [as _callback] (/Users/ayushprajapati/.nvm/versions/node/v16.14.0/lib/node_modules/yarn/lib/cli.js:66138:18)
      at Request.self.callback (/Users/ayushprajapati/.nvm/versions/node/v16.14.0/lib/node_modules/yarn/lib/cli.js:140883:22)
      at Request.emit (node:events:520:28)
      at Request.<anonymous> (/Users/ayushprajapati/.nvm/versions/node/v16.14.0/lib/node_modules/yarn/lib/cli.js:141855:10)
      at Request.emit (node:events:520:28)
      at IncomingMessage.<anonymous> (/Users/ayushprajapati/.nvm/versions/node/v16.14.0/lib/node_modules/yarn/lib/cli.js:141777:12)
      at Object.onceWrapper (node:events:639:28)
      at IncomingMessage.emit (node:events:532:35)
      at endReadableNT (node:internal/streams/readable:1346:12)
      at processTicksAndRejections (node:internal/process/task_queues:83:21)

npm manifest: 
  {
    "name": "api-interview",
    "version": "1.0.0",
    "description": "",
    "main": "index.js",
    "scripts": {
      "test": "echo \"Error: no test specified\" && exit 1"
    },
    "author": "",
    "license": "ISC",
    "dependencies": {
      "express": "^4.18.2",
      "http": "^0.0.1-security"
    }
  }

yarn manifest: 
  No manifest

Lockfile: 
  No lockfile
